  Source.cpp
I:\RayTracer434\RayTracer434\Source.cpp(148,19): warning C4477: 'fprintf' : format string '%u' requires an argument of type 'unsigned int', but variadic argument 2 has type 'size_t'
I:\RayTracer434\RayTracer434\Source.cpp(148,19): message : consider using '%zu' in the format string
I:\RayTracer434\RayTracer434\Source.cpp(168,49): warning C4244: '=': conversion from 'int' to 'T', possible loss of data
          with
          [
              T=float
          ]
I:\RayTracer434\RayTracer434\Source.cpp(169,49): warning C4244: '=': conversion from 'int' to 'T', possible loss of data
          with
          [
              T=float
          ]
I:\RayTracer434\RayTracer434\Source.cpp(176,20): warning C4018: '<': signed/unsigned mismatch
I:\RayTracer434\RayTracer434\Source.cpp(202,20): warning C4018: '<': signed/unsigned mismatch
I:\RayTracer434\RayTracer434\Source.cpp(239,20): warning C4018: '<': signed/unsigned mismatch
I:\RayTracer434\RayTracer434\Source.cpp(291,19): warning C4477: 'fprintf' : format string '%u' requires an argument of type 'unsigned int', but variadic argument 2 has type 'size_t'
I:\RayTracer434\RayTracer434\Source.cpp(291,19): message : consider using '%zu' in the format string
I:\RayTracer434\RayTracer434\Source.cpp(305,20): warning C4018: '<': signed/unsigned mismatch
I:\RayTracer434\RayTracer434\Source.cpp(328,36): warning C4244: '=': conversion from 'float' to 'int', possible loss of data
I:\RayTracer434\RayTracer434\Source.cpp(601,57): warning C4244: 'argument': conversion from 'T' to 'int', possible loss of data
          with
          [
              T=float
          ]
I:\RayTracer434\RayTracer434\Source.cpp(601,36): warning C4244: 'argument': conversion from 'T' to 'int', possible loss of data
          with
          [
              T=float
          ]
I:\RayTracer434\RayTracer434\Source.cpp(609,87): warning C4244: 'argument': conversion from 'T' to 'uint8_t', possible loss of data
          with
          [
              T=float
          ]
I:\RayTracer434\RayTracer434\Source.cpp(609,69): warning C4244: 'argument': conversion from 'T' to 'uint8_t', possible loss of data
          with
          [
              T=float
          ]
I:\RayTracer434\RayTracer434\Source.cpp(609,51): warning C4244: 'argument': conversion from 'T' to 'uint8_t', possible loss of data
          with
          [
              T=float
          ]
I:\RayTracer434\RayTracer434\Source.cpp(619,14): warning C4244: 'initializing': conversion from '_Rep' to 'double', possible loss of data
          with
          [
              _Rep=__int64
          ]
I:\RayTracer434\RayTracer434\Source.cpp(621,41): warning C4244: '+=': conversion from 'double' to 'float', possible loss of data
  RayTracer434.vcxproj -> I:\RayTracer434\x64\Debug\RayTracer434.exe
