i:\raytracer434\raytracer434\x64\debug\vc142.pdb
i:\raytracer434\raytracer434\x64\debug\vc142.idb
i:\raytracer434\raytracer434\x64\debug\source.obj
i:\raytracer434\raytracer434\x64\debug\externalfile.obj
i:\raytracer434\raytracer434\x64\debug\quad.obj
i:\raytracer434\raytracer434\x64\debug\sphere.obj
i:\raytracer434\raytracer434\x64\debug\grid.obj
i:\raytracer434\raytracer434\x64\debug\writeavi.obj
i:\raytracer434\raytracer434\x64\debug\avi_utils.obj
i:\raytracer434\x64\debug\raytracer434.exe
i:\raytracer434\x64\debug\raytracer434.ilk
i:\raytracer434\x64\debug\raytracer434.pdb
i:\raytracer434\raytracer434\x64\debug\source.obj.enc
i:\raytracer434\raytracer434\x64\debug\raytracer434.tlog\cl.command.1.tlog
i:\raytracer434\raytracer434\x64\debug\raytracer434.tlog\cl.read.1.tlog
i:\raytracer434\raytracer434\x64\debug\raytracer434.tlog\cl.write.1.tlog
i:\raytracer434\raytracer434\x64\debug\raytracer434.tlog\link-cvtres.read.1.tlog
i:\raytracer434\raytracer434\x64\debug\raytracer434.tlog\link-cvtres.write.1.tlog
i:\raytracer434\raytracer434\x64\debug\raytracer434.tlog\link-rc.read.1.tlog
i:\raytracer434\raytracer434\x64\debug\raytracer434.tlog\link-rc.write.1.tlog
i:\raytracer434\raytracer434\x64\debug\raytracer434.tlog\link.25444-cvtres.read.1.tlog
i:\raytracer434\raytracer434\x64\debug\raytracer434.tlog\link.25444-cvtres.write.1.tlog
i:\raytracer434\raytracer434\x64\debug\raytracer434.tlog\link.25444-rc.read.1.tlog
i:\raytracer434\raytracer434\x64\debug\raytracer434.tlog\link.25444-rc.write.1.tlog
i:\raytracer434\raytracer434\x64\debug\raytracer434.tlog\link.25444.read.1.tlog
i:\raytracer434\raytracer434\x64\debug\raytracer434.tlog\link.25444.write.1.tlog
i:\raytracer434\raytracer434\x64\debug\raytracer434.tlog\link.command.1.tlog
i:\raytracer434\raytracer434\x64\debug\raytracer434.tlog\link.read.1.tlog
i:\raytracer434\raytracer434\x64\debug\raytracer434.tlog\link.write.1.tlog
