  Source.cpp
I:\RayTracer434\RayTracer434\Source.cpp(64,19): warning C4477: 'fprintf' : format string '%u' requires an argument of type 'unsigned int', but variadic argument 2 has type 'size_t'
I:\RayTracer434\RayTracer434\Source.cpp(64,19): message : consider using '%zu' in the format string
I:\RayTracer434\RayTracer434\Source.cpp(84,61): warning C4244: '=': conversion from 'int' to 'T', possible loss of data
          with
          [
              T=float
          ]
I:\RayTracer434\RayTracer434\Source.cpp(85,61): warning C4244: '=': conversion from 'int' to 'T', possible loss of data
          with
          [
              T=float
          ]
I:\RayTracer434\RayTracer434\Source.cpp(92,20): warning C4018: '<': signed/unsigned mismatch
I:\RayTracer434\RayTracer434\Source.cpp(128,20): warning C4018: '<': signed/unsigned mismatch
I:\RayTracer434\RayTracer434\Source.cpp(180,20): warning C4018: '<': signed/unsigned mismatch
I:\RayTracer434\RayTracer434\Source.cpp(258,19): warning C4477: 'fprintf' : format string '%u' requires an argument of type 'unsigned int', but variadic argument 2 has type 'size_t'
I:\RayTracer434\RayTracer434\Source.cpp(258,19): message : consider using '%zu' in the format string
I:\RayTracer434\RayTracer434\Source.cpp(272,20): warning C4018: '<': signed/unsigned mismatch
I:\RayTracer434\RayTracer434\Source.cpp(295,36): warning C4244: '=': conversion from 'float' to 'int', possible loss of data
I:\RayTracer434\RayTracer434\Source.cpp(495,70): warning C4267: 'initializing': conversion from 'size_t' to 'int', possible loss of data
I:\RayTracer434\RayTracer434\Source.cpp(501,57): warning C4244: 'argument': conversion from 'T' to 'int', possible loss of data
          with
          [
              T=float
          ]
I:\RayTracer434\RayTracer434\Source.cpp(501,36): warning C4244: 'argument': conversion from 'T' to 'int', possible loss of data
          with
          [
              T=float
          ]
I:\RayTracer434\RayTracer434\Source.cpp(509,87): warning C4244: 'argument': conversion from 'T' to 'uint8_t', possible loss of data
          with
          [
              T=float
          ]
I:\RayTracer434\RayTracer434\Source.cpp(509,69): warning C4244: 'argument': conversion from 'T' to 'uint8_t', possible loss of data
          with
          [
              T=float
          ]
I:\RayTracer434\RayTracer434\Source.cpp(509,51): warning C4244: 'argument': conversion from 'T' to 'uint8_t', possible loss of data
          with
          [
              T=float
          ]
I:\RayTracer434\RayTracer434\Source.cpp(522,14): warning C4244: 'initializing': conversion from '_Rep' to 'double', possible loss of data
          with
          [
              _Rep=__int64
          ]
I:\RayTracer434\RayTracer434\Source.cpp(524,41): warning C4244: '+=': conversion from 'double' to 'float', possible loss of data
  Generating code
  23 of 713 functions ( 3.2%) were compiled, the rest were copied from previous compilation.
    8 functions were new in current compilation
    34 functions had inline decision re-evaluated but remain unchanged
  Finished generating code
  RayTracer434.vcxproj -> I:\RayTracer434\x64\Release\RayTracer434.exe
